{"C:\\Users\\User\\git\\gestão de configuração 2\\livraria-api\\database.js": {"path":"C:\\Users\\User\\git\\gestão de configuração 2\\livraria-api\\database.js","statementMap":{"0":{"start":{"line":1,"column":16},"end":{"line":1,"column":34}},"1":{"start":{"line":2,"column":17},"end":{"line":2,"column":34}},"2":{"start":{"line":5,"column":15},"end":{"line":8,"column":6}},"3":{"start":{"line":10,"column":4},"end":{"line":16,"column":7}},"4":{"start":{"line":18,"column":4},"end":{"line":18,"column":14}},"5":{"start":{"line":21,"column":0},"end":{"line":21,"column":25}}},"fnMap":{"0":{"name":"setupDb","decl":{"start":{"line":4,"column":15},"end":{"line":4,"column":22}},"loc":{"start":{"line":4,"column":25},"end":{"line":19,"column":1}},"line":4}},"branchMap":{},"s":{"0":1,"1":1,"2":1,"3":1,"4":1,"5":1},"f":{"0":1},"b":{},"_coverageSchema":"1a1c01bbd47fc00a2c39e90264f33305004495a9","hash":"9f0bf80ed092c597a4c52f32f1a49ee8fe74c5b7"}
,"C:\\Users\\User\\git\\gestão de configuração 2\\livraria-api\\index.js": {"path":"C:\\Users\\User\\git\\gestão de configuração 2\\livraria-api\\index.js","statementMap":{"0":{"start":{"line":1,"column":16},"end":{"line":1,"column":34}},"1":{"start":{"line":2,"column":14},"end":{"line":2,"column":28}},"2":{"start":{"line":3,"column":16},"end":{"line":3,"column":37}},"3":{"start":{"line":4,"column":12},"end":{"line":4,"column":21}},"4":{"start":{"line":5,"column":13},"end":{"line":5,"column":17}},"5":{"start":{"line":6,"column":13},"end":{"line":6,"column":28}},"6":{"start":{"line":8,"column":0},"end":{"line":8,"column":16}},"7":{"start":{"line":9,"column":0},"end":{"line":9,"column":24}},"8":{"start":{"line":10,"column":0},"end":{"line":10,"column":34}},"9":{"start":{"line":13,"column":20},"end":{"line":16,"column":2}},"10":{"start":{"line":20,"column":0},"end":{"line":70,"column":5}},"11":{"start":{"line":21,"column":4},"end":{"line":21,"column":25}},"12":{"start":{"line":24,"column":4},"end":{"line":38,"column":7}},"13":{"start":{"line":25,"column":8},"end":{"line":37,"column":9}},"14":{"start":{"line":27,"column":35},"end":{"line":27,"column":62}},"15":{"start":{"line":29,"column":27},"end":{"line":32,"column":13}},"16":{"start":{"line":33,"column":12},"end":{"line":33,"column":75}},"17":{"start":{"line":36,"column":12},"end":{"line":36,"column":90}},"18":{"start":{"line":41,"column":4},"end":{"line":57,"column":7}},"19":{"start":{"line":42,"column":8},"end":{"line":56,"column":9}},"20":{"start":{"line":43,"column":34},"end":{"line":43,"column":55}},"21":{"start":{"line":44,"column":35},"end":{"line":44,"column":64}},"22":{"start":{"line":46,"column":35},"end":{"line":46,"column":101}},"23":{"start":{"line":47,"column":12},"end":{"line":47,"column":98}},"24":{"start":{"line":47,"column":33},"end":{"line":47,"column":98}},"25":{"start":{"line":49,"column":31},"end":{"line":49,"column":77}},"26":{"start":{"line":50,"column":30},"end":{"line":50,"column":74}},"27":{"start":{"line":52,"column":12},"end":{"line":52,"column":121}},"28":{"start":{"line":53,"column":12},"end":{"line":53,"column":82}},"29":{"start":{"line":55,"column":12},"end":{"line":55,"column":90}},"30":{"start":{"line":59,"column":4},"end":{"line":62,"column":7}},"31":{"start":{"line":60,"column":23},"end":{"line":60,"column":59}},"32":{"start":{"line":61,"column":8},"end":{"line":61,"column":25}},"33":{"start":{"line":64,"column":4},"end":{"line":67,"column":7}},"34":{"start":{"line":65,"column":8},"end":{"line":65,"column":73}},"35":{"start":{"line":66,"column":8},"end":{"line":66,"column":49}},"36":{"start":{"line":69,"column":4},"end":{"line":69,"column":89}},"37":{"start":{"line":69,"column":27},"end":{"line":69,"column":87}},"38":{"start":{"line":72,"column":0},"end":{"line":72,"column":21}}},"fnMap":{"0":{"name":"(anonymous_0)","decl":{"start":{"line":20,"column":1},"end":{"line":20,"column":2}},"loc":{"start":{"line":20,"column":13},"end":{"line":70,"column":1}},"line":20},"1":{"name":"(anonymous_1)","decl":{"start":{"line":24,"column":28},"end":{"line":24,"column":29}},"loc":{"start":{"line":24,"column":48},"end":{"line":38,"column":5}},"line":24},"2":{"name":"(anonymous_2)","decl":{"start":{"line":41,"column":31},"end":{"line":41,"column":32}},"loc":{"start":{"line":41,"column":51},"end":{"line":57,"column":5}},"line":41},"3":{"name":"(anonymous_3)","decl":{"start":{"line":59,"column":27},"end":{"line":59,"column":28}},"loc":{"start":{"line":59,"column":47},"end":{"line":62,"column":5}},"line":59},"4":{"name":"(anonymous_4)","decl":{"start":{"line":64,"column":34},"end":{"line":64,"column":35}},"loc":{"start":{"line":64,"column":54},"end":{"line":67,"column":5}},"line":64},"5":{"name":"(anonymous_5)","decl":{"start":{"line":69,"column":21},"end":{"line":69,"column":22}},"loc":{"start":{"line":69,"column":27},"end":{"line":69,"column":87}},"line":69}},"branchMap":{"0":{"loc":{"start":{"line":47,"column":12},"end":{"line":47,"column":98}},"type":"if","locations":[{"start":{"line":47,"column":12},"end":{"line":47,"column":98}},{"start":{},"end":{}}],"line":47},"1":{"loc":{"start":{"line":49,"column":31},"end":{"line":49,"column":77}},"type":"binary-expr","locations":[{"start":{"line":49,"column":31},"end":{"line":49,"column":52}},{"start":{"line":49,"column":56},"end":{"line":49,"column":77}}],"line":49},"2":{"loc":{"start":{"line":50,"column":30},"end":{"line":50,"column":74}},"type":"binary-expr","locations":[{"start":{"line":50,"column":30},"end":{"line":50,"column":50}},{"start":{"line":50,"column":54},"end":{"line":50,"column":74}}],"line":50}},"s":{"0":1,"1":1,"2":1,"3":1,"4":1,"5":1,"6":1,"7":1,"8":1,"9":1,"10":1,"11":1,"12":1,"13":5,"14":5,"15":4,"16":4,"17":1,"18":1,"19":3,"20":3,"21":3,"22":2,"23":2,"24":1,"25":1,"26":1,"27":1,"28":1,"29":1,"30":1,"31":1,"32":1,"33":1,"34":1,"35":1,"36":1,"37":1,"38":1},"f":{"0":1,"1":5,"2":3,"3":1,"4":1,"5":1},"b":{"0":[1,1],"1":[1,0],"2":[1,1]},"_coverageSchema":"1a1c01bbd47fc00a2c39e90264f33305004495a9","hash":"374e95e072686b1cb1d65bc0a8d967ed23bee89a"}
}
