TN:
SF:database.js
FN:4,setupDb
FNF:1
FNH:1
FNDA:1,setupDb
DA:1,1
DA:2,1
DA:5,1
DA:10,1
DA:18,1
DA:21,1
LF:6
LH:6
BRF:0
BRH:0
end_of_record
TN:
SF:index.js
FN:20,(anonymous_0)
FN:24,(anonymous_1)
FN:41,(anonymous_2)
FN:59,(anonymous_3)
FN:64,(anonymous_4)
FN:69,(anonymous_5)
FNF:6
FNH:6
FNDA:1,(anonymous_0)
FNDA:5,(anonymous_1)
FNDA:3,(anonymous_2)
FNDA:1,(anonymous_3)
FNDA:1,(anonymous_4)
FNDA:1,(anonymous_5)
DA:1,1
DA:2,1
DA:3,1
DA:4,1
DA:5,1
DA:6,1
DA:8,1
DA:9,1
DA:10,1
DA:13,1
DA:20,1
DA:21,1
DA:24,1
DA:25,5
DA:27,5
DA:29,4
DA:33,4
DA:36,1
DA:41,1
DA:42,3
DA:43,3
DA:44,3
DA:46,2
DA:47,2
DA:49,1
DA:50,1
DA:52,1
DA:53,1
DA:55,1
DA:59,1
DA:60,1
DA:61,1
DA:64,1
DA:65,1
DA:66,1
DA:69,1
DA:72,1
LF:37
LH:37
BRDA:47,0,0,1
BRDA:47,0,1,1
BRDA:49,1,0,1
BRDA:49,1,1,0
BRDA:50,2,0,1
BRDA:50,2,1,1
BRF:6
BRH:5
end_of_record
